2023-08-21 11:12:27 [scrapy.utils.log] INFO: Scrapy 2.10.0 started (bot: scrapy_app)
2023-08-21 11:12:27 [scrapy.utils.log] INFO: Versions: lxml 4.9.3.0, libxml2 2.10.3, cssselect 1.2.0, parsel 1.8.1, w3lib 2.1.2, Twisted 22.10.0, Python 3.10.2 (tags/v3.10.2:a58ebcc, Jan 17 2022, 14:12:15) [MSC v.1929 64 bit (AMD64)], pyOpenSSL 23.2.0 (OpenSSL 3.1.2 1 Aug 2023), cryptography 41.0.3, Platform Windows-10-10.0.19045-SP0
2023-08-21 11:12:27 [scrapy.addons] INFO: Enabled addons:
[]
2023-08-21 11:12:27 [scrapy.crawler] INFO: Overridden settings:
{'BOT_NAME': 'scrapy_app',
 'FEED_EXPORT_ENCODING': 'utf-8',
 'LOG_FILE': 'logs\\default\\dewata_spider\\74d94bb93ffa11eea6d000bb60adf90c.log',
 'NEWSPIDER_MODULE': 'scrapy_app.spiders',
 'REQUEST_FINGERPRINTER_IMPLEMENTATION': '2.7',
 'ROBOTSTXT_OBEY': True,
 'SPIDER_MODULES': ['scrapy_app.spiders'],
 'TWISTED_REACTOR': 'twisted.internet.asyncioreactor.AsyncioSelectorReactor'}
2023-08-21 11:12:27 [asyncio] DEBUG: Using selector: SelectSelector
2023-08-21 11:12:27 [scrapy.utils.log] DEBUG: Using reactor: twisted.internet.asyncioreactor.AsyncioSelectorReactor
2023-08-21 11:12:27 [scrapy.utils.log] DEBUG: Using asyncio event loop: asyncio.windows_events._WindowsSelectorEventLoop
2023-08-21 11:12:27 [scrapy.extensions.telnet] INFO: Telnet Password: aa6f69f97b19bb38
2023-08-21 11:12:27 [scrapy.middleware] INFO: Enabled extensions:
['scrapy.extensions.corestats.CoreStats',
 'scrapy.extensions.telnet.TelnetConsole',
 'scrapy.extensions.logstats.LogStats']
2023-08-21 11:12:27 [scrapy.middleware] INFO: Enabled downloader middlewares:
['scrapy.downloadermiddlewares.robotstxt.RobotsTxtMiddleware',
 'scrapy.downloadermiddlewares.httpauth.HttpAuthMiddleware',
 'scrapy.downloadermiddlewares.downloadtimeout.DownloadTimeoutMiddleware',
 'scrapy.downloadermiddlewares.defaultheaders.DefaultHeadersMiddleware',
 'scrapy.downloadermiddlewares.useragent.UserAgentMiddleware',
 'scrapy.downloadermiddlewares.retry.RetryMiddleware',
 'scrapy.downloadermiddlewares.redirect.MetaRefreshMiddleware',
 'scrapy.downloadermiddlewares.httpcompression.HttpCompressionMiddleware',
 'scrapy.downloadermiddlewares.redirect.RedirectMiddleware',
 'scrapy.downloadermiddlewares.cookies.CookiesMiddleware',
 'scrapy.downloadermiddlewares.httpproxy.HttpProxyMiddleware',
 'scrapy.downloadermiddlewares.stats.DownloaderStats']
2023-08-21 11:12:27 [scrapy.middleware] INFO: Enabled spider middlewares:
['scrapy.spidermiddlewares.httperror.HttpErrorMiddleware',
 'scrapy.spidermiddlewares.offsite.OffsiteMiddleware',
 'scrapy.spidermiddlewares.referer.RefererMiddleware',
 'scrapy.spidermiddlewares.urllength.UrlLengthMiddleware',
 'scrapy.spidermiddlewares.depth.DepthMiddleware']
2023-08-21 11:12:27 [scrapy.middleware] INFO: Enabled item pipelines:
['scrapy_app.pipelines.DewataItemPipeline']
2023-08-21 11:12:27 [scrapy.core.engine] INFO: Spider opened
2023-08-21 11:12:27 [scrapy.extensions.logstats] INFO: Crawled 0 pages (at 0 pages/min), scraped 0 items (at 0 items/min)
2023-08-21 11:12:27 [scrapy.extensions.telnet] INFO: Telnet console listening on 127.0.0.1:6023
2023-08-21 11:12:28 [scrapy.core.engine] DEBUG: Crawled (200) <GET https://www.surf-forecast.com/robots.txt> (referer: None)
2023-08-21 11:12:30 [scrapy.core.engine] DEBUG: Crawled (200) <GET https://www.surf-forecast.com/breaks/Dewata/forecasts/latest> (referer: None)
2023-08-21 11:12:30 [scrapy.core.scraper] DEBUG: Scraped from <200 https://www.surf-forecast.com/breaks/Dewata/forecasts/latest>
{'raw_data': '[{"period":10,"angle":337.0,"letters":"SSE","height":0.8},{"period":12,"angle":8.0,"letters":"S","height":0.7},{"period":9,"angle":90.0,"letters":"W","height":-0.2},{"period":6,"angle":84.0,"letters":"W","height":0.9}]'}
2023-08-21 11:12:30 [scrapy.core.engine] INFO: Closing spider (finished)
2023-08-21 11:12:30 [scrapy.statscollectors] INFO: Dumping Scrapy stats:
{'downloader/request_bytes': 484,
 'downloader/request_count': 2,
 'downloader/request_method_count/GET': 2,
 'downloader/response_bytes': 33865,
 'downloader/response_count': 2,
 'downloader/response_status_count/200': 2,
 'elapsed_time_seconds': 2.560276,
 'finish_reason': 'finished',
 'finish_time': datetime.datetime(2023, 8, 21, 8, 12, 30, 394065),
 'httpcompression/response_bytes': 427402,
 'httpcompression/response_count': 1,
 'item_scraped_count': 1,
 'log_count/DEBUG': 6,
 'log_count/INFO': 10,
 'response_received_count': 2,
 'robotstxt/request_count': 1,
 'robotstxt/response_count': 1,
 'robotstxt/response_status_count/200': 1,
 'scheduler/dequeued': 1,
 'scheduler/dequeued/memory': 1,
 'scheduler/enqueued': 1,
 'scheduler/enqueued/memory': 1,
 'start_time': datetime.datetime(2023, 8, 21, 8, 12, 27, 833789)}
2023-08-21 11:12:30 [scrapy.core.engine] INFO: Spider closed (finished)
